# JRE version: OpenJDK Runtime Environment (11.0.13) (build 11.0.13+0-b1751.21-8125866)
# Java VM: OpenJDK 64-Bit Server VM (11.0.13+0-b1751.21-8125866, mixed mode, tiered, compressed oops, g1 gc, windows-amd64)
Heap:
 garbage-first heap   total 155648K, used 55318K [0x0000000080000000, 0x0000000100000000)
  region size 1024K, 37 young (37888K), 9 survivors (9216K)
 Metaspace       used 42707K, capacity 43682K, committed 43984K, reserved 1087488K
  class space    used 5456K, capacity 5838K, committed 5888K, reserved 1048576K
GC Heap History (14 events):
Event: 0.797 GC heap before
{Heap before GC invocations=0 (full 0):
 garbage-first heap   total 129024K, used 29696K [0x0000000080000000, 0x0000000100000000)
  region size 1024K, 24 young (24576K), 0 survivors (0K)
 Metaspace       used 9743K, capacity 9956K, committed 10112K, reserved 1058816K
  class space    used 1000K, capacity 1069K, committed 1152K, reserved 1048576K
}
Event: 0.802 GC heap after
{Heap after GC invocations=1 (full 0):
 garbage-first heap   total 129024K, used 9344K [0x0000000080000000, 0x0000000100000000)
  region size 1024K, 3 young (3072K), 3 survivors (3072K)
 Metaspace       used 9743K, capacity 9956K, committed 10112K, reserved 1058816K
  class space    used 1000K, capacity 1069K, committed 1152K, reserved 1048576K
}
Event: 2.538 GC heap before
{Heap before GC invocations=1 (full 0):
 garbage-first heap   total 129024K, used 83072K [0x0000000080000000, 0x0000000100000000)
  region size 1024K, 75 young (76800K), 3 survivors (3072K)
 Metaspace       used 17492K, capacity 17939K, committed 18176K, reserved 1064960K
  class space    used 2035K, capacity 2177K, committed 2304K, reserved 1048576K
}
Event: 2.548 GC heap after
{Heap after GC invocations=2 (full 0):
 garbage-first heap   total 129024K, used 16386K [0x0000000080000000, 0x0000000100000000)
  region size 1024K, 10 young (10240K), 10 survivors (10240K)
 Metaspace       used 17492K, capacity 17939K, committed 18176K, reserved 1064960K
  class space    used 2035K, capacity 2177K, committed 2304K, reserved 1048576K
}
Event: 3.135 GC heap before
{Heap before GC invocations=2 (full 0):
 garbage-first heap   total 129024K, used 46082K [0x0000000080000000, 0x0000000100000000)
  region size 1024K, 40 young (40960K), 10 survivors (10240K)
 Metaspace       used 20796K, capacity 21189K, committed 21296K, reserved 1069056K
  class space    used 2527K, capacity 2688K, committed 2688K, reserved 1048576K
}
Event: 3.147 GC heap after
{Heap after GC invocations=3 (full 0):
 garbage-first heap   total 129024K, used 17327K [0x0000000080000000, 0x0000000100000000)
  region size 1024K, 2 young (2048K), 2 survivors (2048K)
 Metaspace       used 20796K, capacity 21189K, committed 21296K, reserved 1069056K
  class space    used 2527K, capacity 2688K, committed 2688K, reserved 1048576K
}
Event: 4.175 GC heap before
{Heap before GC invocations=4 (full 0):
 garbage-first heap   total 129024K, used 70575K [0x0000000080000000, 0x0000000100000000)
  region size 1024K, 55 young (56320K), 2 survivors (2048K)
 Metaspace       used 26493K, capacity 27143K, committed 27264K, reserved 1073152K
  class space    used 3427K, capacity 3638K, committed 3712K, reserved 1048576K
}
Event: 4.179 GC heap after
{Heap after GC invocations=5 (full 0):
 garbage-first heap   total 129024K, used 19070K [0x0000000080000000, 0x0000000100000000)
  region size 1024K, 4 young (4096K), 4 survivors (4096K)
 Metaspace       used 26493K, capacity 27143K, committed 27264K, reserved 1073152K
  class space    used 3427K, capacity 3638K, committed 3712K, reserved 1048576K
}
Event: 5.106 GC heap before
{Heap before GC invocations=5 (full 0):
 garbage-first heap   total 129024K, used 78462K [0x0000000080000000, 0x0000000100000000)
  region size 1024K, 62 young (63488K), 4 survivors (4096K)
 Metaspace       used 34971K, capacity 35759K, committed 35840K, reserved 1081344K
  class space    used 4485K, capacity 4788K, committed 4864K, reserved 1048576K
}
Event: 5.112 GC heap after
{Heap after GC invocations=6 (full 0):
 garbage-first heap   total 129024K, used 22352K [0x0000000080000000, 0x0000000100000000)
  region size 1024K, 7 young (7168K), 7 survivors (7168K)
 Metaspace       used 34971K, capacity 35759K, committed 35840K, reserved 1081344K
  class space    used 4485K, capacity 4788K, committed 4864K, reserved 1048576K
}
Event: 5.136 GC heap before
{Heap before GC invocations=6 (full 0):
 garbage-first heap   total 129024K, used 24400K [0x0000000080000000, 0x0000000100000000)
  region size 1024K, 10 young (10240K), 7 survivors (7168K)
 Metaspace       used 35168K, capacity 35938K, committed 36048K, reserved 1081344K
  class space    used 4513K, capacity 4806K, committed 4864K, reserved 1048576K
}
Event: 5.144 GC heap after
{Heap after GC invocations=7 (full 0):
 garbage-first heap   total 129024K, used 22636K [0x0000000080000000, 0x0000000100000000)
  region size 1024K, 4 young (4096K), 4 survivors (4096K)
 Metaspace       used 35168K, capacity 35938K, committed 36048K, reserved 1081344K
  class space    used 4513K, capacity 4806K, committed 4864K, reserved 1048576K
}
Event: 5.889 GC heap before
{Heap before GC invocations=8 (full 0):
 garbage-first heap   total 129024K, used 88172K [0x0000000080000000, 0x0000000100000000)
  region size 1024K, 66 young (67584K), 4 survivors (4096K)
 Metaspace       used 39869K, capacity 40832K, committed 41040K, reserved 1085440K
  class space    used 5047K, capacity 5407K, committed 5504K, reserved 1048576K
}
Event: 5.898 GC heap after
{Heap after GC invocations=9 (full 0):
 garbage-first heap   total 155648K, used 27670K [0x0000000080000000, 0x0000000100000000)
  region size 1024K, 9 young (9216K), 9 survivors (9216K)
 Metaspace       used 39869K, capacity 40832K, committed 41040K, reserved 1085440K
  class space    used 5047K, capacity 5407K, committed 5504K, reserved 1048576K
}

