# JRE version: OpenJDK Runtime Environment (11.0.13) (build 11.0.13+0-b1751.21-8125866)
# Java VM: OpenJDK 64-Bit Server VM (11.0.13+0-b1751.21-8125866, mixed mode, tiered, compressed oops, g1 gc, windows-amd64)
Heap:
 garbage-first heap   total 187392K, used 76317K [0x0000000080000000, 0x0000000100000000)
  region size 1024K, 5 young (5120K), 5 survivors (5120K)
 Metaspace       used 86508K, capacity 88888K, committed 89000K, reserved 1126400K
  class space    used 11276K, capacity 12165K, committed 12248K, reserved 1048576K
GC Heap History (20 events):
Event: 4.742 GC heap after
{Heap after GC invocations=8 (full 0):
 garbage-first heap   total 155648K, used 27448K [0x0000000080000000, 0x0000000100000000)
  region size 1024K, 9 young (9216K), 9 survivors (9216K)
 Metaspace       used 40104K, capacity 41042K, committed 41296K, reserved 1085440K
  class space    used 5067K, capacity 5413K, committed 5504K, reserved 1048576K
}
Event: 5.757 GC heap before
{Heap before GC invocations=8 (full 0):
 garbage-first heap   total 155648K, used 103224K [0x0000000080000000, 0x0000000100000000)
  region size 1024K, 83 young (84992K), 9 survivors (9216K)
 Metaspace       used 46849K, capacity 47946K, committed 48080K, reserved 1091584K
  class space    used 5959K, capacity 6384K, committed 6400K, reserved 1048576K
}
Event: 5.765 GC heap after
{Heap after GC invocations=9 (full 0):
 garbage-first heap   total 155648K, used 29798K [0x0000000080000000, 0x0000000100000000)
  region size 1024K, 8 young (8192K), 8 survivors (8192K)
 Metaspace       used 46849K, capacity 47946K, committed 48080K, reserved 1091584K
  class space    used 5959K, capacity 6384K, committed 6400K, reserved 1048576K
}
Event: 7.124 GC heap before
{Heap before GC invocations=9 (full 0):
 garbage-first heap   total 155648K, used 115814K [0x0000000080000000, 0x0000000100000000)
  region size 1024K, 88 young (90112K), 8 survivors (8192K)
 Metaspace       used 51315K, capacity 52598K, committed 52816K, reserved 1095680K
  class space    used 6489K, capacity 6986K, committed 7040K, reserved 1048576K
}
Event: 7.135 GC heap after
{Heap after GC invocations=10 (full 0):
 garbage-first heap   total 155648K, used 43841K [0x0000000080000000, 0x0000000100000000)
  region size 1024K, 11 young (11264K), 11 survivors (11264K)
 Metaspace       used 51315K, capacity 52598K, committed 52816K, reserved 1095680K
  class space    used 6489K, capacity 6986K, committed 7040K, reserved 1048576K
}
Event: 7.989 GC heap before
{Heap before GC invocations=10 (full 0):
 garbage-first heap   total 155648K, used 96065K [0x0000000080000000, 0x0000000100000000)
  region size 1024K, 63 young (64512K), 11 survivors (11264K)
 Metaspace       used 59000K, capacity 60454K, committed 60496K, reserved 1101824K
  class space    used 7464K, capacity 8023K, committed 8064K, reserved 1048576K
}
Event: 8.002 GC heap after
{Heap after GC invocations=11 (full 0):
 garbage-first heap   total 155648K, used 46594K [0x0000000080000000, 0x0000000100000000)
  region size 1024K, 3 young (3072K), 3 survivors (3072K)
 Metaspace       used 59000K, capacity 60454K, committed 60496K, reserved 1101824K
  class space    used 7464K, capacity 8023K, committed 8064K, reserved 1048576K
}
Event: 8.883 GC heap before
{Heap before GC invocations=12 (full 0):
 garbage-first heap   total 155648K, used 116226K [0x0000000080000000, 0x0000000100000000)
  region size 1024K, 65 young (66560K), 3 survivors (3072K)
 Metaspace       used 63741K, capacity 65291K, committed 65448K, reserved 1105920K
  class space    used 8023K, capacity 8580K, committed 8664K, reserved 1048576K
}
Event: 8.891 GC heap after
{Heap after GC invocations=13 (full 0):
 garbage-first heap   total 155648K, used 51738K [0x0000000080000000, 0x0000000100000000)
  region size 1024K, 8 young (8192K), 8 survivors (8192K)
 Metaspace       used 63741K, capacity 65291K, committed 65448K, reserved 1105920K
  class space    used 8023K, capacity 8580K, committed 8664K, reserved 1048576K
}
Event: 9.501 GC heap before
{Heap before GC invocations=14 (full 0):
 garbage-first heap   total 155648K, used 113178K [0x0000000080000000, 0x0000000100000000)
  region size 1024K, 68 young (69632K), 8 survivors (8192K)
 Metaspace       used 65910K, capacity 67532K, committed 67880K, reserved 1107968K
  class space    used 8307K, capacity 8935K, committed 9048K, reserved 1048576K
}
Event: 9.510 GC heap after
{Heap after GC invocations=15 (full 0):
 garbage-first heap   total 155648K, used 56004K [0x0000000080000000, 0x0000000100000000)
  region size 1024K, 5 young (5120K), 5 survivors (5120K)
 Metaspace       used 65910K, capacity 67532K, committed 67880K, reserved 1107968K
  class space    used 8307K, capacity 8935K, committed 9048K, reserved 1048576K
}
Event: 10.488 GC heap before
{Heap before GC invocations=15 (full 0):
 garbage-first heap   total 155648K, used 116420K [0x0000000080000000, 0x0000000100000000)
  region size 1024K, 64 young (65536K), 5 survivors (5120K)
 Metaspace       used 72470K, capacity 74118K, committed 74280K, reserved 1114112K
  class space    used 9384K, capacity 10025K, committed 10072K, reserved 1048576K
}
Event: 10.495 GC heap after
{Heap after GC invocations=16 (full 0):
 garbage-first heap   total 155648K, used 59550K [0x0000000080000000, 0x0000000100000000)
  region size 1024K, 8 young (8192K), 8 survivors (8192K)
 Metaspace       used 72470K, capacity 74118K, committed 74280K, reserved 1114112K
  class space    used 9384K, capacity 10025K, committed 10072K, reserved 1048576K
}
Event: 11.432 GC heap before
{Heap before GC invocations=16 (full 0):
 garbage-first heap   total 155648K, used 119966K [0x0000000080000000, 0x0000000100000000)
  region size 1024K, 67 young (68608K), 8 survivors (8192K)
 Metaspace       used 78444K, capacity 80243K, committed 80552K, reserved 1118208K
  class space    used 10189K, capacity 10829K, committed 10968K, reserved 1048576K
}
Event: 11.442 GC heap after
{Heap after GC invocations=17 (full 0):
 garbage-first heap   total 155648K, used 63231K [0x0000000080000000, 0x0000000100000000)
  region size 1024K, 8 young (8192K), 8 survivors (8192K)
 Metaspace       used 78444K, capacity 80243K, committed 80552K, reserved 1118208K
  class space    used 10189K, capacity 10829K, committed 10968K, reserved 1048576K
}
Event: 12.265 GC heap before
{Heap before GC invocations=17 (full 0):
 garbage-first heap   total 155648K, used 121599K [0x0000000080000000, 0x0000000100000000)
  region size 1024K, 65 young (66560K), 8 survivors (8192K)
 Metaspace       used 81580K, capacity 83713K, committed 84008K, reserved 1122304K
  class space    used 10728K, capacity 11545K, committed 11608K, reserved 1048576K
}
Event: 12.275 GC heap after
{Heap after GC invocations=18 (full 0):
 garbage-first heap   total 155648K, used 67828K [0x0000000080000000, 0x0000000100000000)
  region size 1024K, 9 young (9216K), 9 survivors (9216K)
 Metaspace       used 81580K, capacity 83713K, committed 84008K, reserved 1122304K
  class space    used 10728K, capacity 11545K, committed 11608K, reserved 1048576K
}
Event: 12.951 GC heap before
{Heap before GC invocations=18 (full 0):
 garbage-first heap   total 155648K, used 123124K [0x0000000080000000, 0x0000000100000000)
  region size 1024K, 64 young (65536K), 9 survivors (9216K)
 Metaspace       used 82375K, capacity 84644K, committed 84904K, reserved 1122304K
  class space    used 10780K, capacity 11613K, committed 11736K, reserved 1048576K
}
Event: 12.962 GC heap after
{Heap after GC invocations=19 (full 0):
 garbage-first heap   total 155648K, used 72183K [0x0000000080000000, 0x0000000100000000)
  region size 1024K, 5 young (5120K), 5 survivors (5120K)
 Metaspace       used 82375K, capacity 84644K, committed 84904K, reserved 1122304K
  class space    used 10780K, capacity 11613K, committed 11736K, reserved 1048576K
}
Event: 13.640 GC heap before
{Heap before GC invocations=19 (full 0):
 garbage-first heap   total 155648K, used 125431K [0x0000000080000000, 0x0000000100000000)
  region size 1024K, 58 young (59392K), 5 survivors (5120K)
 Metaspace       used 86508K, capacity 88888K, committed 89000K, reserved 1126400K
  class space    used 11276K, capacity 12165K, committed 12248K, reserved 1048576K
}

