# JRE version: OpenJDK Runtime Environment (11.0.13) (build 11.0.13+0-b1751.21-8125866)
# Java VM: OpenJDK 64-Bit Server VM (11.0.13+0-b1751.21-8125866, mixed mode, tiered, compressed oops, g1 gc, windows-amd64)
Heap:
 garbage-first heap   total 129024K, used 74496K [0x0000000080000000, 0x0000000100000000)
  region size 1024K, 57 young (58368K), 7 survivors (7168K)
 Metaspace       used 39141K, capacity 40064K, committed 40348K, reserved 1085440K
  class space    used 4940K, capacity 5260K, committed 5324K, reserved 1048576K
GC Heap History (10 events):
Event: 0.835 GC heap before
{Heap before GC invocations=0 (full 0):
 garbage-first heap   total 129024K, used 29696K [0x0000000080000000, 0x0000000100000000)
  region size 1024K, 24 young (24576K), 0 survivors (0K)
 Metaspace       used 9780K, capacity 9956K, committed 10112K, reserved 1058816K
  class space    used 1005K, capacity 1069K, committed 1152K, reserved 1048576K
}
Event: 0.841 GC heap after
{Heap after GC invocations=1 (full 0):
 garbage-first heap   total 129024K, used 9178K [0x0000000080000000, 0x0000000100000000)
  region size 1024K, 3 young (3072K), 3 survivors (3072K)
 Metaspace       used 9780K, capacity 9956K, committed 10112K, reserved 1058816K
  class space    used 1005K, capacity 1069K, committed 1152K, reserved 1048576K
}
Event: 2.274 GC heap before
{Heap before GC invocations=1 (full 0):
 garbage-first heap   total 129024K, used 82906K [0x0000000080000000, 0x0000000100000000)
  region size 1024K, 75 young (76800K), 3 survivors (3072K)
 Metaspace       used 17441K, capacity 17779K, committed 18048K, reserved 1064960K
  class space    used 2031K, capacity 2145K, committed 2176K, reserved 1048576K
}
Event: 2.281 GC heap after
{Heap after GC invocations=2 (full 0):
 garbage-first heap   total 129024K, used 16052K [0x0000000080000000, 0x0000000100000000)
  region size 1024K, 10 young (10240K), 10 survivors (10240K)
 Metaspace       used 17441K, capacity 17779K, committed 18048K, reserved 1064960K
  class space    used 2031K, capacity 2145K, committed 2176K, reserved 1048576K
}
Event: 2.631 GC heap before
{Heap before GC invocations=2 (full 0):
 garbage-first heap   total 129024K, used 46772K [0x0000000080000000, 0x0000000100000000)
  region size 1024K, 41 young (41984K), 10 survivors (10240K)
 Metaspace       used 20743K, capacity 21125K, committed 21296K, reserved 1069056K
  class space    used 2527K, capacity 2688K, committed 2688K, reserved 1048576K
}
Event: 2.639 GC heap after
{Heap after GC invocations=3 (full 0):
 garbage-first heap   total 129024K, used 17004K [0x0000000080000000, 0x0000000100000000)
  region size 1024K, 2 young (2048K), 2 survivors (2048K)
 Metaspace       used 20743K, capacity 21125K, committed 21296K, reserved 1069056K
  class space    used 2527K, capacity 2688K, committed 2688K, reserved 1048576K
}
Event: 3.295 GC heap before
{Heap before GC invocations=4 (full 0):
 garbage-first heap   total 129024K, used 71276K [0x0000000080000000, 0x0000000100000000)
  region size 1024K, 56 young (57344K), 2 survivors (2048K)
 Metaspace       used 26593K, capacity 27175K, committed 27264K, reserved 1073152K
  class space    used 3444K, capacity 3670K, committed 3712K, reserved 1048576K
}
Event: 3.300 GC heap after
{Heap after GC invocations=5 (full 0):
 garbage-first heap   total 129024K, used 18759K [0x0000000080000000, 0x0000000100000000)
  region size 1024K, 4 young (4096K), 4 survivors (4096K)
 Metaspace       used 26593K, capacity 27175K, committed 27264K, reserved 1073152K
  class space    used 3444K, capacity 3670K, committed 3712K, reserved 1048576K
}
Event: 4.272 GC heap before
{Heap before GC invocations=5 (full 0):
 garbage-first heap   total 129024K, used 78151K [0x0000000080000000, 0x0000000100000000)
  region size 1024K, 63 young (64512K), 4 survivors (4096K)
 Metaspace       used 35169K, capacity 35970K, committed 36048K, reserved 1081344K
  class space    used 4526K, capacity 4838K, committed 4864K, reserved 1048576K
}
Event: 4.287 GC heap after
{Heap after GC invocations=6 (full 0):
 garbage-first heap   total 129024K, used 22272K [0x0000000080000000, 0x0000000100000000)
  region size 1024K, 7 young (7168K), 7 survivors (7168K)
 Metaspace       used 35169K, capacity 35970K, committed 36048K, reserved 1081344K
  class space    used 4526K, capacity 4838K, committed 4864K, reserved 1048576K
}

